<?xml version="1.0" encoding="UTF-8"?>
<!-- Generated by org.testng.reporters.JUnitXMLReporter -->
<testsuite ignored="0" hostname="DESKTOP-BNFQ1QS" failures="0" tests="10" name="Default test" time="0.124" errors="0" timestamp="2022-04-20T10:26:04 IST">
  <testcase classname="com.harman.test.LoginUserInterfaceTest" name="validateTitleTest" time="0.014"/>
  <testcase classname="com.harman.test.LoginUserInterfaceTest" name="validateTitleTest" time="0.001"/>
  <testcase classname="com.harman.test.LoginUserInterfaceTest" name="validateTitleTest" time="0.002"/>
  <testcase classname="com.harman.test.LoginUserInterfaceTest" name="validateTitleTest" time="0.001"/>
  <testcase classname="com.harman.test.LoginUserInterfaceTest" name="validateTitleTest" time="0.002"/>
  <testcase classname="com.harman.test.LoginUserInterfaceTest" name="validateTitleTest" time="0.002"/>
  <testcase classname="com.harman.test.LoginUserInterfaceTest" name="validateTitleTest" time="0.003"/>
  <testcase classname="com.harman.test.LoginUserInterfaceTest" name="validateTitleTest" time="0.002"/>
  <testcase classname="com.harman.test.LoginUserInterfaceTest" name="validateTitleTest" time="0.002"/>
  <testcase classname="com.harman.test.LoginUserInterfaceTest" name="validateTitleTest" time="0.003"/>
</testsuite> <!-- Default test -->
