<?xml version="1.0" encoding="UTF-8"?>
<testng-results ignored="0" total="10" passed="10" failed="0" skipped="0">
  <reporter-output>
  </reporter-output>
  <suite started-at="2022-04-20T10:26:04 IST" name="Default suite" finished-at="2022-04-20T10:26:04 IST" duration-ms="124">
    <groups>
    </groups>
    <test started-at="2022-04-20T10:26:04 IST" name="Default test" finished-at="2022-04-20T10:26:04 IST" duration-ms="124">
      <class name="com.harman.test.LoginUserInterfaceTest">
        <test-method signature="validateTitleTest()[pri:0, instance:com.harman.test.LoginUserInterfaceTest@71a8adcf]" started-at="2022-04-20T10:26:04 IST" name="validateTitleTest" finished-at="2022-04-20T10:26:04 IST" duration-ms="14" status="PASS">
          <reporter-output>
          </reporter-output>
        </test-method> <!-- validateTitleTest -->
        <test-method signature="validateTitleTest()[pri:0, instance:com.harman.test.LoginUserInterfaceTest@71a8adcf]" started-at="2022-04-20T10:26:04 IST" name="validateTitleTest" finished-at="2022-04-20T10:26:04 IST" duration-ms="1" status="PASS">
          <reporter-output>
          </reporter-output>
        </test-method> <!-- validateTitleTest -->
        <test-method signature="validateTitleTest()[pri:0, instance:com.harman.test.LoginUserInterfaceTest@71a8adcf]" started-at="2022-04-20T10:26:04 IST" name="validateTitleTest" finished-at="2022-04-20T10:26:04 IST" duration-ms="2" status="PASS">
          <reporter-output>
          </reporter-output>
        </test-method> <!-- validateTitleTest -->
        <test-method signature="validateTitleTest()[pri:0, instance:com.harman.test.LoginUserInterfaceTest@71a8adcf]" started-at="2022-04-20T10:26:04 IST" name="validateTitleTest" finished-at="2022-04-20T10:26:04 IST" duration-ms="1" status="PASS">
          <reporter-output>
          </reporter-output>
        </test-method> <!-- validateTitleTest -->
        <test-method signature="validateTitleTest()[pri:0, instance:com.harman.test.LoginUserInterfaceTest@71a8adcf]" started-at="2022-04-20T10:26:04 IST" name="validateTitleTest" finished-at="2022-04-20T10:26:04 IST" duration-ms="2" status="PASS">
          <reporter-output>
          </reporter-output>
        </test-method> <!-- validateTitleTest -->
        <test-method signature="validateTitleTest()[pri:0, instance:com.harman.test.LoginUserInterfaceTest@71a8adcf]" started-at="2022-04-20T10:26:04 IST" name="validateTitleTest" finished-at="2022-04-20T10:26:04 IST" duration-ms="2" status="PASS">
          <reporter-output>
          </reporter-output>
        </test-method> <!-- validateTitleTest -->
        <test-method signature="validateTitleTest()[pri:0, instance:com.harman.test.LoginUserInterfaceTest@71a8adcf]" started-at="2022-04-20T10:26:04 IST" name="validateTitleTest" finished-at="2022-04-20T10:26:04 IST" duration-ms="3" status="PASS">
          <reporter-output>
          </reporter-output>
        </test-method> <!-- validateTitleTest -->
        <test-method signature="validateTitleTest()[pri:0, instance:com.harman.test.LoginUserInterfaceTest@71a8adcf]" started-at="2022-04-20T10:26:04 IST" name="validateTitleTest" finished-at="2022-04-20T10:26:04 IST" duration-ms="2" status="PASS">
          <reporter-output>
          </reporter-output>
        </test-method> <!-- validateTitleTest -->
        <test-method signature="validateTitleTest()[pri:0, instance:com.harman.test.LoginUserInterfaceTest@71a8adcf]" started-at="2022-04-20T10:26:04 IST" name="validateTitleTest" finished-at="2022-04-20T10:26:04 IST" duration-ms="2" status="PASS">
          <reporter-output>
          </reporter-output>
        </test-method> <!-- validateTitleTest -->
        <test-method signature="validateTitleTest()[pri:0, instance:com.harman.test.LoginUserInterfaceTest@71a8adcf]" started-at="2022-04-20T10:26:04 IST" name="validateTitleTest" finished-at="2022-04-20T10:26:04 IST" duration-ms="3" status="PASS">
          <reporter-output>
          </reporter-output>
        </test-method> <!-- validateTitleTest -->
      </class> <!-- com.harman.test.LoginUserInterfaceTest -->
    </test> <!-- Default test -->
  </suite> <!-- Default suite -->
</testng-results>
